
MacOS or linux terminal command to create your ssh tunnel
ssh -N -L 8163:desktop18:8163 alct@hpc.itu.dk

Windows MobaXterm info
Forwarded port: 8163
Remote server: desktop18
Remote port: 8163
SSH server: hpc.itu.dk
SSH login: alct
SSH port: 22

Use a Browser on your local machine to go to:
localhost:8163  (prefix w/ https:// if using password)

Loading venv
Using pip 22.3.1 from /home/alct/home/NLP/baseline/venv/lib/python3.10/site-packages/pip (python 3.10)
Requirement already satisfied: jupyter in ./venv/lib/python3.10/site-packages (1.0.0)
Requirement already satisfied: ipykernel in ./venv/lib/python3.10/site-packages (from jupyter) (6.29.3)
Requirement already satisfied: nbconvert in ./venv/lib/python3.10/site-packages (from jupyter) (7.16.2)
Requirement already satisfied: notebook in ./venv/lib/python3.10/site-packages (from jupyter) (7.1.2)
Requirement already satisfied: ipywidgets in ./venv/lib/python3.10/site-packages (from jupyter) (8.1.2)
Requirement already satisfied: qtconsole in ./venv/lib/python3.10/site-packages (from jupyter) (5.5.1)
Requirement already satisfied: jupyter-console in ./venv/lib/python3.10/site-packages (from jupyter) (6.6.3)
Requirement already satisfied: packaging in ./venv/lib/python3.10/site-packages (from ipykernel->jupyter) (24.0)
Requirement already satisfied: debugpy>=1.6.5 in ./venv/lib/python3.10/site-packages (from ipykernel->jupyter) (1.8.1)
Requirement already satisfied: traitlets>=5.4.0 in ./venv/lib/python3.10/site-packages (from ipykernel->jupyter) (5.14.2)
Requirement already satisfied: psutil in ./venv/lib/python3.10/site-packages (from ipykernel->jupyter) (5.9.8)
Requirement already satisfied: matplotlib-inline>=0.1 in ./venv/lib/python3.10/site-packages (from ipykernel->jupyter) (0.1.6)
Requirement already satisfied: pyzmq>=24 in ./venv/lib/python3.10/site-packages (from ipykernel->jupyter) (25.1.2)
Requirement already satisfied: ipython>=7.23.1 in ./venv/lib/python3.10/site-packages (from ipykernel->jupyter) (8.22.2)
Requirement already satisfied: nest-asyncio in ./venv/lib/python3.10/site-packages (from ipykernel->jupyter) (1.6.0)
Requirement already satisfied: jupyter-client>=6.1.12 in ./venv/lib/python3.10/site-packages (from ipykernel->jupyter) (8.6.1)
Requirement already satisfied: comm>=0.1.1 in ./venv/lib/python3.10/site-packages (from ipykernel->jupyter) (0.2.2)
Requirement already satisfied: tornado>=6.1 in ./venv/lib/python3.10/site-packages (from ipykernel->jupyter) (6.4)
Requirement already satisfied: jupyter-core!=5.0.*,>=4.12 in ./venv/lib/python3.10/site-packages (from ipykernel->jupyter) (5.7.2)
Requirement already satisfied: widgetsnbextension~=4.0.10 in ./venv/lib/python3.10/site-packages (from ipywidgets->jupyter) (4.0.10)
Requirement already satisfied: jupyterlab-widgets~=3.0.10 in ./venv/lib/python3.10/site-packages (from ipywidgets->jupyter) (3.0.10)
Requirement already satisfied: pygments in ./venv/lib/python3.10/site-packages (from jupyter-console->jupyter) (2.17.2)
Requirement already satisfied: prompt-toolkit>=3.0.30 in ./venv/lib/python3.10/site-packages (from jupyter-console->jupyter) (3.0.43)
Requirement already satisfied: nbformat>=5.7 in ./venv/lib/python3.10/site-packages (from nbconvert->jupyter) (5.10.3)
Requirement already satisfied: jinja2>=3.0 in ./venv/lib/python3.10/site-packages (from nbconvert->jupyter) (3.1.3)
Requirement already satisfied: jupyterlab-pygments in ./venv/lib/python3.10/site-packages (from nbconvert->jupyter) (0.3.0)
Requirement already satisfied: tinycss2 in ./venv/lib/python3.10/site-packages (from nbconvert->jupyter) (1.2.1)
Requirement already satisfied: mistune<4,>=2.0.3 in ./venv/lib/python3.10/site-packages (from nbconvert->jupyter) (3.0.2)
Requirement already satisfied: pandocfilters>=1.4.1 in ./venv/lib/python3.10/site-packages (from nbconvert->jupyter) (1.5.1)
Requirement already satisfied: defusedxml in ./venv/lib/python3.10/site-packages (from nbconvert->jupyter) (0.7.1)
Requirement already satisfied: beautifulsoup4 in ./venv/lib/python3.10/site-packages (from nbconvert->jupyter) (4.12.3)
Requirement already satisfied: markupsafe>=2.0 in ./venv/lib/python3.10/site-packages (from nbconvert->jupyter) (2.1.5)
Requirement already satisfied: nbclient>=0.5.0 in ./venv/lib/python3.10/site-packages (from nbconvert->jupyter) (0.10.0)
Requirement already satisfied: bleach!=5.0.0 in ./venv/lib/python3.10/site-packages (from nbconvert->jupyter) (6.1.0)
Requirement already satisfied: jupyter-server<3,>=2.4.0 in ./venv/lib/python3.10/site-packages (from notebook->jupyter) (2.13.0)
Requirement already satisfied: jupyterlab<4.2,>=4.1.1 in ./venv/lib/python3.10/site-packages (from notebook->jupyter) (4.1.5)
Requirement already satisfied: jupyterlab-server<3,>=2.22.1 in ./venv/lib/python3.10/site-packages (from notebook->jupyter) (2.25.4)
Requirement already satisfied: notebook-shim<0.3,>=0.2 in ./venv/lib/python3.10/site-packages (from notebook->jupyter) (0.2.4)
Requirement already satisfied: qtpy>=2.4.0 in ./venv/lib/python3.10/site-packages (from qtconsole->jupyter) (2.4.1)
Requirement already satisfied: six>=1.9.0 in ./venv/lib/python3.10/site-packages (from bleach!=5.0.0->nbconvert->jupyter) (1.16.0)
Requirement already satisfied: webencodings in ./venv/lib/python3.10/site-packages (from bleach!=5.0.0->nbconvert->jupyter) (0.5.1)
Requirement already satisfied: jedi>=0.16 in ./venv/lib/python3.10/site-packages (from ipython>=7.23.1->ipykernel->jupyter) (0.19.1)
Requirement already satisfied: decorator in ./venv/lib/python3.10/site-packages (from ipython>=7.23.1->ipykernel->jupyter) (5.1.1)
Requirement already satisfied: exceptiongroup in ./venv/lib/python3.10/site-packages (from ipython>=7.23.1->ipykernel->jupyter) (1.2.0)
Requirement already satisfied: pexpect>4.3 in ./venv/lib/python3.10/site-packages (from ipython>=7.23.1->ipykernel->jupyter) (4.9.0)
Requirement already satisfied: stack-data in ./venv/lib/python3.10/site-packages (from ipython>=7.23.1->ipykernel->jupyter) (0.6.3)
Requirement already satisfied: python-dateutil>=2.8.2 in ./venv/lib/python3.10/site-packages (from jupyter-client>=6.1.12->ipykernel->jupyter) (2.9.0.post0)
Requirement already satisfied: platformdirs>=2.5 in ./venv/lib/python3.10/site-packages (from jupyter-core!=5.0.*,>=4.12->ipykernel->jupyter) (4.2.0)
Requirement already satisfied: argon2-cffi in ./venv/lib/python3.10/site-packages (from jupyter-server<3,>=2.4.0->notebook->jupyter) (23.1.0)
Requirement already satisfied: send2trash>=1.8.2 in ./venv/lib/python3.10/site-packages (from jupyter-server<3,>=2.4.0->notebook->jupyter) (1.8.2)
Requirement already satisfied: anyio>=3.1.0 in ./venv/lib/python3.10/site-packages (from jupyter-server<3,>=2.4.0->notebook->jupyter) (4.3.0)
Requirement already satisfied: prometheus-client in ./venv/lib/python3.10/site-packages (from jupyter-server<3,>=2.4.0->notebook->jupyter) (0.20.0)
Requirement already satisfied: websocket-client in ./venv/lib/python3.10/site-packages (from jupyter-server<3,>=2.4.0->notebook->jupyter) (1.7.0)
Requirement already satisfied: jupyter-events>=0.9.0 in ./venv/lib/python3.10/site-packages (from jupyter-server<3,>=2.4.0->notebook->jupyter) (0.10.0)
Requirement already satisfied: jupyter-server-terminals in ./venv/lib/python3.10/site-packages (from jupyter-server<3,>=2.4.0->notebook->jupyter) (0.5.3)
Requirement already satisfied: overrides in ./venv/lib/python3.10/site-packages (from jupyter-server<3,>=2.4.0->notebook->jupyter) (7.7.0)
Requirement already satisfied: terminado>=0.8.3 in ./venv/lib/python3.10/site-packages (from jupyter-server<3,>=2.4.0->notebook->jupyter) (0.18.1)
Requirement already satisfied: async-lru>=1.0.0 in ./venv/lib/python3.10/site-packages (from jupyterlab<4.2,>=4.1.1->notebook->jupyter) (2.0.4)
Requirement already satisfied: jupyter-lsp>=2.0.0 in ./venv/lib/python3.10/site-packages (from jupyterlab<4.2,>=4.1.1->notebook->jupyter) (2.2.4)
Requirement already satisfied: httpx>=0.25.0 in ./venv/lib/python3.10/site-packages (from jupyterlab<4.2,>=4.1.1->notebook->jupyter) (0.27.0)
Requirement already satisfied: tomli in ./venv/lib/python3.10/site-packages (from jupyterlab<4.2,>=4.1.1->notebook->jupyter) (2.0.1)
Requirement already satisfied: jsonschema>=4.18.0 in ./venv/lib/python3.10/site-packages (from jupyterlab-server<3,>=2.22.1->notebook->jupyter) (4.21.1)
Requirement already satisfied: json5>=0.9.0 in ./venv/lib/python3.10/site-packages (from jupyterlab-server<3,>=2.22.1->notebook->jupyter) (0.9.24)
Requirement already satisfied: babel>=2.10 in ./venv/lib/python3.10/site-packages (from jupyterlab-server<3,>=2.22.1->notebook->jupyter) (2.14.0)
Requirement already satisfied: requests>=2.31 in ./venv/lib/python3.10/site-packages (from jupyterlab-server<3,>=2.22.1->notebook->jupyter) (2.31.0)
Requirement already satisfied: fastjsonschema in ./venv/lib/python3.10/site-packages (from nbformat>=5.7->nbconvert->jupyter) (2.19.1)
Requirement already satisfied: wcwidth in ./venv/lib/python3.10/site-packages (from prompt-toolkit>=3.0.30->jupyter-console->jupyter) (0.2.13)
Requirement already satisfied: soupsieve>1.2 in ./venv/lib/python3.10/site-packages (from beautifulsoup4->nbconvert->jupyter) (2.5)
Requirement already satisfied: typing-extensions>=4.1 in ./venv/lib/python3.10/site-packages (from anyio>=3.1.0->jupyter-server<3,>=2.4.0->notebook->jupyter) (4.10.0)
Requirement already satisfied: sniffio>=1.1 in ./venv/lib/python3.10/site-packages (from anyio>=3.1.0->jupyter-server<3,>=2.4.0->notebook->jupyter) (1.3.1)
Requirement already satisfied: idna>=2.8 in ./venv/lib/python3.10/site-packages (from anyio>=3.1.0->jupyter-server<3,>=2.4.0->notebook->jupyter) (3.6)
Requirement already satisfied: certifi in ./venv/lib/python3.10/site-packages (from httpx>=0.25.0->jupyterlab<4.2,>=4.1.1->notebook->jupyter) (2024.2.2)
Requirement already satisfied: httpcore==1.* in ./venv/lib/python3.10/site-packages (from httpx>=0.25.0->jupyterlab<4.2,>=4.1.1->notebook->jupyter) (1.0.4)
Requirement already satisfied: h11<0.15,>=0.13 in ./venv/lib/python3.10/site-packages (from httpcore==1.*->httpx>=0.25.0->jupyterlab<4.2,>=4.1.1->notebook->jupyter) (0.14.0)
Requirement already satisfied: parso<0.9.0,>=0.8.3 in ./venv/lib/python3.10/site-packages (from jedi>=0.16->ipython>=7.23.1->ipykernel->jupyter) (0.8.3)
Requirement already satisfied: rpds-py>=0.7.1 in ./venv/lib/python3.10/site-packages (from jsonschema>=4.18.0->jupyterlab-server<3,>=2.22.1->notebook->jupyter) (0.18.0)
Requirement already satisfied: attrs>=22.2.0 in ./venv/lib/python3.10/site-packages (from jsonschema>=4.18.0->jupyterlab-server<3,>=2.22.1->notebook->jupyter) (23.2.0)
Requirement already satisfied: referencing>=0.28.4 in ./venv/lib/python3.10/site-packages (from jsonschema>=4.18.0->jupyterlab-server<3,>=2.22.1->notebook->jupyter) (0.34.0)
Requirement already satisfied: jsonschema-specifications>=2023.03.6 in ./venv/lib/python3.10/site-packages (from jsonschema>=4.18.0->jupyterlab-server<3,>=2.22.1->notebook->jupyter) (2023.12.1)
Requirement already satisfied: pyyaml>=5.3 in ./venv/lib/python3.10/site-packages (from jupyter-events>=0.9.0->jupyter-server<3,>=2.4.0->notebook->jupyter) (6.0.1)
Requirement already satisfied: python-json-logger>=2.0.4 in ./venv/lib/python3.10/site-packages (from jupyter-events>=0.9.0->jupyter-server<3,>=2.4.0->notebook->jupyter) (2.0.7)
Requirement already satisfied: rfc3339-validator in ./venv/lib/python3.10/site-packages (from jupyter-events>=0.9.0->jupyter-server<3,>=2.4.0->notebook->jupyter) (0.1.4)
Requirement already satisfied: rfc3986-validator>=0.1.1 in ./venv/lib/python3.10/site-packages (from jupyter-events>=0.9.0->jupyter-server<3,>=2.4.0->notebook->jupyter) (0.1.1)
Requirement already satisfied: ptyprocess>=0.5 in ./venv/lib/python3.10/site-packages (from pexpect>4.3->ipython>=7.23.1->ipykernel->jupyter) (0.7.0)
Requirement already satisfied: charset-normalizer<4,>=2 in ./venv/lib/python3.10/site-packages (from requests>=2.31->jupyterlab-server<3,>=2.22.1->notebook->jupyter) (3.3.2)
Requirement already satisfied: urllib3<3,>=1.21.1 in ./venv/lib/python3.10/site-packages (from requests>=2.31->jupyterlab-server<3,>=2.22.1->notebook->jupyter) (2.2.1)
Requirement already satisfied: argon2-cffi-bindings in ./venv/lib/python3.10/site-packages (from argon2-cffi->jupyter-server<3,>=2.4.0->notebook->jupyter) (21.2.0)
Requirement already satisfied: asttokens>=2.1.0 in ./venv/lib/python3.10/site-packages (from stack-data->ipython>=7.23.1->ipykernel->jupyter) (2.4.1)
Requirement already satisfied: executing>=1.2.0 in ./venv/lib/python3.10/site-packages (from stack-data->ipython>=7.23.1->ipykernel->jupyter) (2.0.1)
Requirement already satisfied: pure-eval in ./venv/lib/python3.10/site-packages (from stack-data->ipython>=7.23.1->ipykernel->jupyter) (0.2.2)
Requirement already satisfied: webcolors>=1.11 in ./venv/lib/python3.10/site-packages (from jsonschema>=4.18.0->jupyterlab-server<3,>=2.22.1->notebook->jupyter) (1.13)
Requirement already satisfied: jsonpointer>1.13 in ./venv/lib/python3.10/site-packages (from jsonschema>=4.18.0->jupyterlab-server<3,>=2.22.1->notebook->jupyter) (2.4)
Requirement already satisfied: fqdn in ./venv/lib/python3.10/site-packages (from jsonschema>=4.18.0->jupyterlab-server<3,>=2.22.1->notebook->jupyter) (1.5.1)
Requirement already satisfied: uri-template in ./venv/lib/python3.10/site-packages (from jsonschema>=4.18.0->jupyterlab-server<3,>=2.22.1->notebook->jupyter) (1.3.0)
Requirement already satisfied: isoduration in ./venv/lib/python3.10/site-packages (from jsonschema>=4.18.0->jupyterlab-server<3,>=2.22.1->notebook->jupyter) (20.11.0)
Requirement already satisfied: cffi>=1.0.1 in ./venv/lib/python3.10/site-packages (from argon2-cffi-bindings->argon2-cffi->jupyter-server<3,>=2.4.0->notebook->jupyter) (1.16.0)
Requirement already satisfied: pycparser in ./venv/lib/python3.10/site-packages (from cffi>=1.0.1->argon2-cffi-bindings->argon2-cffi->jupyter-server<3,>=2.4.0->notebook->jupyter) (2.21)
Requirement already satisfied: arrow>=0.15.0 in ./venv/lib/python3.10/site-packages (from isoduration->jsonschema>=4.18.0->jupyterlab-server<3,>=2.22.1->notebook->jupyter) (1.3.0)
Requirement already satisfied: types-python-dateutil>=2.8.10 in ./venv/lib/python3.10/site-packages (from arrow>=0.15.0->isoduration->jsonschema>=4.18.0->jupyterlab-server<3,>=2.22.1->notebook->jupyter) (2.9.0.20240316)
Finished installing jupyter
